Run with 2 clusters with 8 cores each (16) and the following flags:
17.475 Minst/s
23.233 Minst/s
38.962 Minst/s
17.723 Minst/s
35.800 Minst/s
18.919 Minst/s
23.496 Minst/s
31.162 Minst/s
37.373 Minst/s
34.551 Minst/s
Run with 2 clusters with 8 cores each (16) and the following flags: --latency
40.532 Minst/s
32.470 Minst/s
38.840 Minst/s
32.520 Minst/s
32.804 Minst/s
32.304 Minst/s
31.806 Minst/s
36.063 Minst/s
30.415 Minst/s
32.625 Minst/s
Run with 2 clusters with 8 cores each (16) and the following flags: --trace
150.688 kinst/s
144.848 kinst/s
150.321 kinst/s
153.384 kinst/s
157.669 kinst/s
144.529 kinst/s
157.675 kinst/s
147.297 kinst/s
150.954 kinst/s
156.803 kinst/s
Run with 2 clusters with 8 cores each (16) and the following flags: --trace --latency
150.788 kinst/s
148.775 kinst/s
148.478 kinst/s
150.828 kinst/s
145.713 kinst/s
153.023 kinst/s
146.687 kinst/s
155.574 kinst/s
148.690 kinst/s
156.174 kinst/s
Run with 4 clusters with 8 cores each (32) and the following flags:
33.116 Minst/s
38.883 Minst/s
33.654 Minst/s
35.427 Minst/s
30.763 Minst/s
30.773 Minst/s
42.651 Minst/s
38.984 Minst/s
34.104 Minst/s
37.052 Minst/s
Run with 4 clusters with 8 cores each (32) and the following flags: --latency
40.771 Minst/s
43.406 Minst/s
22.814 Minst/s
33.075 Minst/s
13.840 Minst/s
34.074 Minst/s
39.865 Minst/s
39.196 Minst/s
34.102 Minst/s
32.153 Minst/s
Run with 4 clusters with 8 cores each (32) and the following flags: --trace
146.478 kinst/s
146.592 kinst/s
153.138 kinst/s
158.262 kinst/s
156.632 kinst/s
154.955 kinst/s
146.729 kinst/s
149.394 kinst/s
156.743 kinst/s
157.538 kinst/s
Run with 4 clusters with 8 cores each (32) and the following flags: --trace --latency
156.249 kinst/s
144.442 kinst/s
156.231 kinst/s
163.173 kinst/s
149.361 kinst/s
156.003 kinst/s
156.029 kinst/s
151.411 kinst/s
160.840 kinst/s
155.044 kinst/s
Run with 8 clusters with 8 cores each (64) and the following flags:
17.655 Minst/s
12.550 Minst/s
28.772 Minst/s
26.990 Minst/s
19.640 Minst/s
17.867 Minst/s
18.356 Minst/s
12.153 Minst/s
33.620 Minst/s
17.319 Minst/s
Run with 8 clusters with 8 cores each (64) and the following flags: --latency
11.788 Minst/s
18.279 Minst/s
17.326 Minst/s
16.807 Minst/s
9.052 Minst/s
20.511 Minst/s
18.691 Minst/s
25.387 Minst/s
14.652 Minst/s
23.591 Minst/s
Run with 8 clusters with 8 cores each (64) and the following flags: --trace
144.964 kinst/s
144.405 kinst/s
150.369 kinst/s
149.218 kinst/s
158.760 kinst/s
154.820 kinst/s
152.967 kinst/s
157.947 kinst/s
147.685 kinst/s
152.022 kinst/s
Run with 8 clusters with 8 cores each (64) and the following flags: --trace --latency
141.385 kinst/s
150.335 kinst/s
156.197 kinst/s
150.244 kinst/s
154.727 kinst/s
153.718 kinst/s
143.481 kinst/s
149.491 kinst/s
148.434 kinst/s
140.862 kinst/s
Run with 16 clusters with 8 cores each (128) and the following flags:
23.940 Minst/s
18.584 Minst/s
17.168 Minst/s
18.717 Minst/s
21.491 Minst/s
22.023 Minst/s
23.996 Minst/s
14.764 Minst/s
9.950 Minst/s
19.143 Minst/s
Run with 16 clusters with 8 cores each (128) and the following flags: --latency
13.906 Minst/s
23.676 Minst/s
11.780 Minst/s
23.471 Minst/s
13.527 Minst/s
16.714 Minst/s
22.422 Minst/s
23.137 Minst/s
14.153 Minst/s
24.657 Minst/s
Run with 16 clusters with 8 cores each (128) and the following flags: --trace
126.497 kinst/s
158.406 kinst/s
123.467 kinst/s
155.021 kinst/s
140.720 kinst/s
143.098 kinst/s
150.038 kinst/s
155.658 kinst/s
140.792 kinst/s
156.591 kinst/s
Run with 16 clusters with 8 cores each (128) and the following flags: --trace --latency
141.449 kinst/s
152.414 kinst/s
150.052 kinst/s
145.866 kinst/s
142.654 kinst/s
145.281 kinst/s
153.894 kinst/s
135.052 kinst/s
145.391 kinst/s
156.770 kinst/s
Run with 32 clusters with 8 cores each (256) and the following flags:
20.663 Minst/s
17.363 Minst/s
19.478 Minst/s
15.933 Minst/s
18.191 Minst/s
25.061 Minst/s
19.734 Minst/s
27.704 Minst/s
10.916 Minst/s
28.355 Minst/s
Run with 32 clusters with 8 cores each (256) and the following flags: --latency
14.294 Minst/s
18.496 Minst/s
12.738 Minst/s
20.078 Minst/s
24.642 Minst/s
20.793 Minst/s
14.673 Minst/s
19.601 Minst/s
18.665 Minst/s
13.273 Minst/s
Run with 32 clusters with 8 cores each (256) and the following flags: --trace
264.275 kinst/s
289.904 kinst/s
296.285 kinst/s
248.656 kinst/s
234.685 kinst/s
291.482 kinst/s
244.254 kinst/s
276.640 kinst/s
307.229 kinst/s
261.861 kinst/s
Run with 32 clusters with 8 cores each (256) and the following flags: --trace --latency
260.580 kinst/s
258.953 kinst/s
276.468 kinst/s
273.171 kinst/s
286.769 kinst/s
300.473 kinst/s
305.108 kinst/s
277.326 kinst/s
271.855 kinst/s
229.457 kinst/s
Run with 64 clusters with 8 cores each (512) and the following flags:
19.683 Minst/s
29.802 Minst/s
29.187 Minst/s
36.572 Minst/s
11.643 Minst/s
31.814 Minst/s
16.713 Minst/s
24.722 Minst/s
13.499 Minst/s
8.423 Minst/s
Run with 64 clusters with 8 cores each (512) and the following flags: --latency
23.592 Minst/s
8.053 Minst/s
29.917 Minst/s
17.616 Minst/s
27.284 Minst/s
16.446 Minst/s
8.810 Minst/s
17.661 Minst/s
30.338 Minst/s
28.699 Minst/s
Run with 64 clusters with 8 cores each (512) and the following flags: --trace
352.702 kinst/s
353.878 kinst/s
347.881 kinst/s
344.458 kinst/s
354.299 kinst/s
348.597 kinst/s
337.493 kinst/s
348.109 kinst/s
350.405 kinst/s
343.160 kinst/s
Run with 64 clusters with 8 cores each (512) and the following flags: --trace --latency
343.451 kinst/s
348.568 kinst/s
347.595 kinst/s
350.836 kinst/s
351.237 kinst/s
355.146 kinst/s
349.016 kinst/s
348.585 kinst/s
344.035 kinst/s
343.031 kinst/s
Run with 128 clusters with 8 cores each (1024) and the following flags:
9.448 Minst/s
7.605 Minst/s
18.888 Minst/s
13.879 Minst/s
15.667 Minst/s
22.847 Minst/s
18.753 Minst/s
21.655 Minst/s
20.692 Minst/s
10.032 Minst/s
Run with 128 clusters with 8 cores each (1024) and the following flags: --latency
16.716 Minst/s
14.464 Minst/s
7.005 Minst/s
21.077 Minst/s
8.463 Minst/s
14.367 Minst/s
18.825 Minst/s
3.460 Minst/s
23.084 Minst/s
20.141 Minst/s
Run with 128 clusters with 8 cores each (1024) and the following flags: --trace
361.294 kinst/s
350.073 kinst/s
350.890 kinst/s
356.071 kinst/s
360.867 kinst/s
351.762 kinst/s
349.486 kinst/s
353.371 kinst/s
349.365 kinst/s
355.536 kinst/s
Run with 128 clusters with 8 cores each (1024) and the following flags: --trace --latency
358.634 kinst/s
359.206 kinst/s
353.447 kinst/s
349.803 kinst/s
348.035 kinst/s
348.714 kinst/s
353.757 kinst/s
346.066 kinst/s
359.317 kinst/s
348.196 kinst/s
